<?xml version="1.0" encoding="utf-8"?><testsuites name="pytest tests"><testsuite name="pytest" errors="0" failures="0" skipped="0" tests="32" time="3.986" timestamp="2026-07-01T05:44:44.201815+00:00" hostname="agent-env-58bc869b-2d51-4e3a-b9fc-9790879ec998"><testcase classname="tests.backend_test.TestCatalog" name="test_categories_seeded" time="0.653" /><testcase classname="tests.backend_test.TestCatalog" name="test_products_seeded" time="0.227" /><testcase classname="tests.backend_test.TestAdmin" name="test_admin_stats_requires_admin" time="1.009" /><testcase classname="tests.backend_test.TestCatalog" name="test_products_category_filter" time="0.091" /><testcase classname="tests.backend_test.TestCatalog" name="test_products_price_filter_sort" time="0.049" /><testcase classname="tests.backend_test.TestCatalog" name="test_products_search_q" time="0.252" /><testcase classname="tests.backend_test.TestAdmin" name="test_admin_stats" time="0.312" /><testcase classname="tests.backend_test.TestCatalog" name="test_search_suggest" time="0.047" /><testcase classname="tests.backend_test.TestAdmin" name="test_admin_orders_list" time="0.043" /><testcase classname="tests.backend_test.TestCatalog" name="test_product_detail_and_related" time="0.145" /><testcase classname="tests.backend_test.TestAdmin" name="test_admin_distributor_inquiries" time="0.047" /><testcase classname="tests.backend_test.TestAdmin" name="test_admin_create_product" time="0.129" /><testcase classname="tests.backend_test.TestCatalog" name="test_product_not_found" time="0.090" /><testcase classname="tests.backend_test.TestAdmin" name="test_admin_update_order_status" time="0.336" /><testcase classname="tests.backend_test.TestAuth" name="test_register_duplicate" time="0.315" /><testcase classname="tests.backend_test.TestAdmin" name="test_admin_invalid_status_rejected" time="0.542" /><testcase classname="tests.backend_test.TestAuth" name="test_login_admin_role" time="0.271" /><testcase classname="tests.backend_test.TestAuth" name="test_login_invalid" time="0.270" /><testcase classname="tests.backend_test.TestMisc" name="test_distributor_inquiry" time="0.044" /><testcase classname="tests.backend_test.TestAuth" name="test_me_requires_token" time="0.045" /><testcase classname="tests.backend_test.TestMisc" name="test_contact" time="0.083" /><testcase classname="tests.backend_test.TestAuth" name="test_me_with_bearer" time="0.045" /><testcase classname="tests.backend_test.TestCheckout" name="test_checkout_cod" time="0.192" /><testcase classname="tests.backend_test.TestMisc" name="test_newsletter" time="0.129" /><testcase classname="tests.backend_test.TestMisc" name="test_health_camps_list" time="0.045" /><testcase classname="tests.backend_test.TestCheckout" name="test_checkout_razorpay_mock_pay" time="0.183" /><testcase classname="tests.backend_test.TestMisc" name="test_camp_register_increments" time="0.171" /><testcase classname="tests.backend_test.TestCheckout" name="test_checkout_empty_cart" time="0.044" /><testcase classname="tests.backend_test.TestReviews" name="test_add_review_updates_aggregate" time="0.136" /><testcase classname="tests.backend_test.TestCheckout" name="test_my_orders" time="0.046" /><testcase classname="tests.backend_test.TestRoot" name="test_root" time="0.082" /><testcase classname="tests.backend_test.TestReviews" name="test_review_requires_auth" time="0.086" /></testsuite></testsuites>